[35m[Appium][39m Welcome to Appium v1.22.3
[35m[Appium][39m Non-default server args:
[35m[Appium][39m   port: 50390
[35m[Appium][39m   loglevel: info
[35m[Appium][39m   tmpDir: C:\Users\USER\AppData\Local\Temp\\Katalon\Appium\Temp1676713081088
[35m[Appium][39m   chromedriverPort: 50391
[35m[Appium][39m Deprecated server args:
[35m[Appium][39m   [31m--chromedriver-port[39m => --default-capabilities
[35m[Appium][39m Default capabilities, which will be added to each request unless overridden by desired capabilities:
[35m[Appium][39m   chromedriverPort: 50391
[35m[Appium][39m Appium REST http interface listener started on 0.0.0.0:50390
[35m[HTTP][39m [37m-->[39m [37mGET[39m [37m/wd/hub/status[39m
[35m[HTTP][39m [90m{}[39m
[35m[HTTP][39m [37m<-- GET /wd/hub/status [39m[32m200[39m [90m4 ms - 68[39m
[35m[HTTP][39m [90m[39m
[35m[HTTP][39m [37m-->[39m [37mGET[39m [37m/wd/hub/status[39m
[35m[HTTP][39m [90m{}[39m
[35m[HTTP][39m [37m<-- GET /wd/hub/status [39m[32m200[39m [90m1 ms - 68[39m
[35m[HTTP][39m [90m[39m
[35m[HTTP][39m [37m-->[39m [37mPOST[39m [37m/wd/hub/session[39m
[35m[HTTP][39m [90m{"desiredCapabilities":{"app":"C:\\Users\\USER\\Downloads\\app-release.apk","noReset":true,"appWaitActivity":"*","deviceId":"","deviceName":"samsung SM-M115F (Android 12)","fullReset":false,"platform":"ANDROID","newCommandTimeout":1800,"appWaitforLunch":false,"platformVersion":"12","automationName":"uiautomator2","autoGrantPermissions":true,"platformName":"Android","udid":"R9RR204VSSF","systemPort":50399},"capabilities":{"firstMatch":[{"appium:app":"C:\\Users\\USER\\Downloads\\app-release.apk","appium:appWaitActivity":"*","appWaitforLunch":false,"appium:autoGrantPermissions":true,"appium:automationName":"uiautomator2","deviceId":"","appium:deviceName":"samsung SM-M115F (Android 12)","appium:fullReset":false,"appium:newCommandTimeout":1800,"appium:noReset":true,"platform":"ANDROID","platformName":"android","appium:platformVersion":"12","appium:systemPort":50399,"appium:udid":"R9RR204VSSF"}]}}[39m
[35m[BaseDriver][39m The following capabilities are not standard capabilities and should have an extension prefix:
[35m[BaseDriver][39m   appWaitforLunch
[35m[BaseDriver][39m   deviceId
[35m[BaseDriver][39m   platform
[35m[BaseDriver][39m   chromedriverPort
[35m[Appium][39m Appium v1.22.3 creating new AndroidUiautomator2Driver (v1.70.1) session
[35m[BaseDriver][39m The following capabilities were provided, but are not recognized by Appium:
[35m[BaseDriver][39m   appWaitforLunch
[35m[BaseDriver][39m   deviceId
[35m[BaseDriver][39m   platform
[35m[BaseDriver][39m Session created with session id: 3d518758-3ac6-49ec-9572-ebfceaa2f884
[35m[BaseDriver][39m Using local app 'C:\Users\USER\Downloads\app-release.apk'
[35m[ADB][39m Found 1 'build-tools' folders under 'C:\Users\USER\AppData\Local\Android\Sdk' (newest first):
[35m[ADB][39m     C:/Users/USER/AppData/Local/Android/Sdk/build-tools/33.0.2
[35m[ADB][39m Using 'adb.exe' from 'C:\Users\USER\AppData\Local\Android\Sdk\platform-tools\adb.exe'
[35m[AndroidDriver][39m Retrieving device list
[35m[AndroidDriver][39m Using device: R9RR204VSSF
[35m[ADB][39m Using 'adb.exe' from 'C:\Users\USER\AppData\Local\Android\Sdk\platform-tools\adb.exe'
[35m[ADB][39m Getting device platform version
[35m[UiAutomator2][39m Relaxing hidden api policy
[35m[ADB][39m Package name: 'id.binar.fp.secondhand'
[35m[ADB][39m Main activity name: 'id.binar.fp.secondhand.ui.main.MainActivity'
[35m[ADB][39m Using 'apksigner.jar' from 'C:\Users\USER\AppData\Local\Android\Sdk\build-tools\33.0.2\lib\apksigner.jar'
[35m[ADB][39m 'C:\Users\USER\AppData\Roaming\npm\node_modules\appium\node_modules\appium-uiautomator2-server\apks\appium-uiautomator2-server-v4.27.0.apk' is signed with the default certificate
[35m[ADB][39m 'C:\Users\USER\AppData\Roaming\npm\node_modules\appium\node_modules\appium-uiautomator2-server\apks\appium-uiautomator2-server-debug-androidTest.apk' is signed with the default certificate
[35m[UiAutomator2][39m Server packages are not going to be (re)installed
[35m[ADB][39m Adding packages ["io.appium.settings","io.appium.uiautomator2.server","io.appium.uiautomator2.server.test"] to Doze whitelist
[35m[ADB][39m 'C:\Users\USER\Downloads\app-release.apk' is signed with a non-default certificate
[35m[ADB][39m The application at 'C:\Users\USER\Downloads\app-release.apk' will not be cached, because the device under test has confirmed the support of streamed installs
[35m[ADB][39m The installation of 'app-release.apk' took 8058ms
[35m[UiAutomator2][39m Starting UIAutomator2 server 4.27.0
[35m[UiAutomator2][39m Using UIAutomator2 server from 'C:\Users\USER\AppData\Roaming\npm\node_modules\appium\node_modules\appium-uiautomator2-server\apks\appium-uiautomator2-server-v4.27.0.apk' and test from 'C:\Users\USER\AppData\Roaming\npm\node_modules\appium\node_modules\appium-uiautomator2-server\apks\appium-uiautomator2-server-debug-androidTest.apk'
[35m[UiAutomator2][39m Waiting up to 30000ms for UiAutomator2 to be online...
[35m[WD Proxy][39m socket hang up
[35m[WD Proxy][39m socket hang up
[35m[WD Proxy][39m socket hang up
[35m[WD Proxy][39m socket hang up
[35m[WD Proxy][39m Determined the downstream protocol as 'W3C'
[35m[AndroidDriver][39m Screen already unlocked, doing nothing
[35m[UiAutomator2][39m Starting 'id.binar.fp.secondhand/id.binar.fp.secondhand.ui.main.MainActivity and waiting for 'id.binar.fp.secondhand/*'
[35m[Appium][39m New AndroidUiautomator2Driver session created successfully, session 3d518758-3ac6-49ec-9572-ebfceaa2f884 added to master session list
[35m[HTTP][39m [37m<-- POST /wd/hub/session [39m[32m200[39m [90m21452 ms - 1361[39m
[35m[HTTP][39m [90m[39m
[35m[HTTP][39m [37m-->[39m [37mGET[39m [37m/wd/hub/session/3d518758-3ac6-49ec-9572-ebfceaa2f884[39m
[35m[HTTP][39m [90m{}[39m
[35m[HTTP][39m [37m<-- GET /wd/hub/session/3d518758-3ac6-49ec-9572-ebfceaa2f884 [39m[32m200[39m [90m32 ms - 1315[39m
[35m[HTTP][39m [90m[39m
[35m[HTTP][39m [37m-->[39m [37mGET[39m [37m/wd/hub/session/3d518758-3ac6-49ec-9572-ebfceaa2f884[39m
[35m[HTTP][39m [90m{}[39m
[35m[HTTP][39m [37m<-- GET /wd/hub/session/3d518758-3ac6-49ec-9572-ebfceaa2f884 [39m[32m200[39m [90m23 ms - 1315[39m
[35m[HTTP][39m [90m[39m
[35m[HTTP][39m [37m-->[39m [37mGET[39m [37m/wd/hub/status[39m
[35m[HTTP][39m [90m{}[39m
[35m[HTTP][39m [37m<-- GET /wd/hub/status [39m[32m200[39m [90m1 ms - 68[39m
[35m[HTTP][39m [90m[39m
[35m[HTTP][39m [37m-->[39m [37mPOST[39m [37m/wd/hub/session/3d518758-3ac6-49ec-9572-ebfceaa2f884/timeouts[39m
[35m[HTTP][39m [90m{"implicit":60000}[39m
[35m[HTTP][39m [37m<-- POST /wd/hub/session/3d518758-3ac6-49ec-9572-ebfceaa2f884/timeouts [39m[32m200[39m [90m4 ms - 14[39m
[35m[HTTP][39m [90m[39m
[35m[HTTP][39m [37m-->[39m [37mGET[39m [37m/wd/hub/session/3d518758-3ac6-49ec-9572-ebfceaa2f884/source[39m
[35m[HTTP][39m [90m{}[39m
[35m[W3C (3d518758)][39m Driver proxy active, passing request on via HTTP proxy
[35m[WD Proxy][39m Replacing sessionId 6ed50386-b969-4cc9-bfe1-98936cd69df7 with 3d518758-3ac6-49ec-9572-ebfceaa2f884
[35m[HTTP][39m [37m<-- GET /wd/hub/session/3d518758-3ac6-49ec-9572-ebfceaa2f884/source [39m[32m200[39m [90m1423 ms - 44378[39m
[35m[HTTP][39m [90m[39m
[35m[HTTP][39m [37m-->[39m [37mGET[39m [37m/wd/hub/session/3d518758-3ac6-49ec-9572-ebfceaa2f884/screenshot[39m
[35m[HTTP][39m [90m{}[39m
[35m[HTTP][39m [37m<-- GET /wd/hub/session/3d518758-3ac6-49ec-9572-ebfceaa2f884/screenshot [39m[32m200[39m [90m1129 ms - 106648[39m
[35m[HTTP][39m [90m[39m
[35m[HTTP][39m [37m-->[39m [37mGET[39m [37m/wd/hub/session/3d518758-3ac6-49ec-9572-ebfceaa2f884/source[39m
[35m[HTTP][39m [90m{}[39m
[35m[W3C (3d518758)][39m Driver proxy active, passing request on via HTTP proxy
[35m[WD Proxy][39m Replacing sessionId 6ed50386-b969-4cc9-bfe1-98936cd69df7 with 3d518758-3ac6-49ec-9572-ebfceaa2f884
[35m[HTTP][39m [37m<-- GET /wd/hub/session/3d518758-3ac6-49ec-9572-ebfceaa2f884/source [39m[32m200[39m [90m5596 ms - 92265[39m
[35m[HTTP][39m [90m[39m
[35m[HTTP][39m [37m-->[39m [37mGET[39m [37m/wd/hub/session/3d518758-3ac6-49ec-9572-ebfceaa2f884/screenshot[39m
[35m[HTTP][39m [90m{}[39m
[35m[HTTP][39m [37m<-- GET /wd/hub/session/3d518758-3ac6-49ec-9572-ebfceaa2f884/screenshot [39m[32m200[39m [90m1153 ms - 77710[39m
[35m[HTTP][39m [90m[39m
[35m[HTTP][39m [37m-->[39m [37mPOST[39m [37m/wd/hub/session/3d518758-3ac6-49ec-9572-ebfceaa2f884/elements[39m
[35m[HTTP][39m [90m{"using":"xpath","value":"//*[@class = 'android.widget.TextView' and (@text = 'Penawaran ditolak' or . = 'Penawaran ditolak') and @resource-id = 'id.binar.fp.secondhand:id/tv_product_status']"}[39m
[35m[HTTP][39m [37m<-- POST /wd/hub/session/3d518758-3ac6-49ec-9572-ebfceaa2f884/elements [39m[32m200[39m [90m3768 ms - 267[39m
[35m[HTTP][39m [90m[39m
[35m[HTTP][39m [37m-->[39m [37mPOST[39m [37m/wd/hub/session/3d518758-3ac6-49ec-9572-ebfceaa2f884/elements[39m
[35m[HTTP][39m [90m{"using":"id","value":"id.binar.fp.secondhand:id/tv_product_status"}[39m
[35m[HTTP][39m [37m<-- POST /wd/hub/session/3d518758-3ac6-49ec-9572-ebfceaa2f884/elements [39m[32m200[39m [90m1093 ms - 523[39m
[35m[HTTP][39m [90m[39m
[35m[HTTP][39m [37m-->[39m [37mPOST[39m [37m/wd/hub/session/3d518758-3ac6-49ec-9572-ebfceaa2f884/elements[39m
[35m[HTTP][39m [90m{"using":"-android uiautomator","value":"new UiSelector().className(\"android.widget.TextView\").text(\"Penawaran ditolak\").resourceId(\"id.binar.fp.secondhand:id/tv_product_status\")"}[39m
[35m[HTTP][39m [37m<-- POST /wd/hub/session/3d518758-3ac6-49ec-9572-ebfceaa2f884/elements [39m[32m200[39m [90m4353 ms - 267[39m
[35m[HTTP][39m [90m[39m
[35m[HTTP][39m [37m-->[39m [37mGET[39m [37m/wd/hub/session/3d518758-3ac6-49ec-9572-ebfceaa2f884/window/rect[39m
[35m[HTTP][39m [90m{}[39m
[35m[HTTP][39m [37m<-- GET /wd/hub/session/3d518758-3ac6-49ec-9572-ebfceaa2f884/window/rect [39m[32m200[39m [90m44 ms - 49[39m
[35m[HTTP][39m [90m[39m
[35m[HTTP][39m [37m-->[39m [37mPOST[39m [37m/wd/hub/session/3d518758-3ac6-49ec-9572-ebfceaa2f884/elements[39m
[35m[HTTP][39m [90m{"using":"xpath","value":"//hierarchy/android.widget.FrameLayout[1]/android.widget.LinearLayout[1]/android.widget.FrameLayout[1]/android.widget.LinearLayout[1]/android.widget.FrameLayout[1]/android.view.ViewGroup[1]/android.widget.FrameLayout[1]/android.view.ViewGroup[5]/android.view.ViewGroup[1]/androidx.viewpager.widget.ViewPager[1]/androidx.recyclerview.widget.RecyclerView[1]/android.widget.FrameLayout[1]/android.view.ViewGroup[1]/android.view.ViewGroup[1]/android.view.ViewGroup[1]/androidx.recyclerview.widget.RecyclerView[1]/android.view.ViewGroup[1]/android.widget.TextView[1]"}[39m
[35m[HTTP][39m [37m<-- POST /wd/hub/session/3d518758-3ac6-49ec-9572-ebfceaa2f884/elements [39m[32m200[39m [90m1999 ms - 139[39m
[35m[HTTP][39m [90m[39m
[35m[HTTP][39m [37m-->[39m [37mGET[39m [37m/wd/hub/session/3d518758-3ac6-49ec-9572-ebfceaa2f884/element/00000000-0000-0254-ffff-ffff00000da7/location[39m
[35m[HTTP][39m [90m{}[39m
[35m[W3C (3d518758)][39m Driver proxy active, passing request on via HTTP proxy
[35m[WD Proxy][39m Replacing sessionId 6ed50386-b969-4cc9-bfe1-98936cd69df7 with 3d518758-3ac6-49ec-9572-ebfceaa2f884
[35m[HTTP][39m [37m<-- GET /wd/hub/session/3d518758-3ac6-49ec-9572-ebfceaa2f884/element/00000000-0000-0254-ffff-ffff00000da7/location [39m[32m200[39m [90m509 ms - 78[39m
[35m[HTTP][39m [90m[39m
[35m[HTTP][39m [37m-->[39m [37mGET[39m [37m/wd/hub/session/3d518758-3ac6-49ec-9572-ebfceaa2f884/element/00000000-0000-0254-ffff-ffff00000da7/text[39m
[35m[HTTP][39m [90m{}[39m
[35m[W3C (3d518758)][39m Driver proxy active, passing request on via HTTP proxy
[35m[WD Proxy][39m Replacing sessionId 6ed50386-b969-4cc9-bfe1-98936cd69df7 with 3d518758-3ac6-49ec-9572-ebfceaa2f884
[35m[HTTP][39m [37m<-- GET /wd/hub/session/3d518758-3ac6-49ec-9572-ebfceaa2f884/element/00000000-0000-0254-ffff-ffff00000da7/text [39m[32m200[39m [90m51 ms - 80[39m
[35m[HTTP][39m [90m[39m
[35m[HTTP][39m [37m-->[39m [37mGET[39m [37m/wd/hub/session/3d518758-3ac6-49ec-9572-ebfceaa2f884/source[39m
[35m[HTTP][39m [90m{}[39m
[35m[W3C (3d518758)][39m Driver proxy active, passing request on via HTTP proxy
[35m[WD Proxy][39m Replacing sessionId 6ed50386-b969-4cc9-bfe1-98936cd69df7 with 3d518758-3ac6-49ec-9572-ebfceaa2f884
[35m[HTTP][39m [37m<-- GET /wd/hub/session/3d518758-3ac6-49ec-9572-ebfceaa2f884/source [39m[32m200[39m [90m1639 ms - 93183[39m
[35m[HTTP][39m [90m[39m
[35m[HTTP][39m [37m-->[39m [37mGET[39m [37m/wd/hub/session/3d518758-3ac6-49ec-9572-ebfceaa2f884/screenshot[39m
[35m[HTTP][39m [90m{}[39m
[35m[HTTP][39m [37m<-- GET /wd/hub/session/3d518758-3ac6-49ec-9572-ebfceaa2f884/screenshot [39m[32m200[39m [90m900 ms - 77208[39m
[35m[HTTP][39m [90m[39m
[35m[HTTP][39m [37m-->[39m [37mPOST[39m [37m/wd/hub/session/3d518758-3ac6-49ec-9572-ebfceaa2f884/elements[39m
[35m[HTTP][39m [90m{"using":"xpath","value":"//*[@class = 'android.widget.TextView' and (@text = 'Ditolak Rp100,000' or . = 'Ditolak Rp100,000') and @resource-id = 'id.binar.fp.secondhand:id/tv_product_bid']"}[39m
[35m[HTTP][39m [37m<-- POST /wd/hub/session/3d518758-3ac6-49ec-9572-ebfceaa2f884/elements [39m[32m200[39m [90m1636 ms - 267[39m
[35m[HTTP][39m [90m[39m
[35m[HTTP][39m [37m-->[39m [37mPOST[39m [37m/wd/hub/session/3d518758-3ac6-49ec-9572-ebfceaa2f884/elements[39m
[35m[HTTP][39m [90m{"using":"id","value":"id.binar.fp.secondhand:id/tv_product_bid"}[39m
[35m[HTTP][39m [37m<-- POST /wd/hub/session/3d518758-3ac6-49ec-9572-ebfceaa2f884/elements [39m[32m200[39m [90m2057 ms - 523[39m
[35m[HTTP][39m [90m[39m
[35m[HTTP][39m [37m-->[39m [37mPOST[39m [37m/wd/hub/session/3d518758-3ac6-49ec-9572-ebfceaa2f884/elements[39m
[35m[HTTP][39m [90m{"using":"-android uiautomator","value":"new UiSelector().className(\"android.widget.TextView\").text(\"Ditolak Rp100,000\").resourceId(\"id.binar.fp.secondhand:id/tv_product_bid\")"}[39m
[35m[HTTP][39m [37m<-- POST /wd/hub/session/3d518758-3ac6-49ec-9572-ebfceaa2f884/elements [39m[32m200[39m [90m1393 ms - 267[39m
[35m[HTTP][39m [90m[39m
[35m[HTTP][39m [37m-->[39m [37mGET[39m [37m/wd/hub/session/3d518758-3ac6-49ec-9572-ebfceaa2f884/window/rect[39m
[35m[HTTP][39m [90m{}[39m
[35m[HTTP][39m [37m<-- GET /wd/hub/session/3d518758-3ac6-49ec-9572-ebfceaa2f884/window/rect [39m[32m200[39m [90m39 ms - 49[39m
[35m[HTTP][39m [90m[39m
[35m[HTTP][39m [37m-->[39m [37mPOST[39m [37m/wd/hub/session/3d518758-3ac6-49ec-9572-ebfceaa2f884/elements[39m
[35m[HTTP][39m [90m{"using":"xpath","value":"//hierarchy/android.widget.FrameLayout[1]/android.widget.LinearLayout[1]/android.widget.FrameLayout[1]/android.widget.LinearLayout[1]/android.widget.FrameLayout[1]/android.view.ViewGroup[1]/android.widget.FrameLayout[1]/android.view.ViewGroup[5]/android.view.ViewGroup[1]/androidx.viewpager.widget.ViewPager[1]/androidx.recyclerview.widget.RecyclerView[1]/android.widget.FrameLayout[1]/android.view.ViewGroup[1]/android.view.ViewGroup[1]/android.view.ViewGroup[1]/androidx.recyclerview.widget.RecyclerView[1]/android.view.ViewGroup[1]/android.widget.TextView[5]"}[39m
[35m[HTTP][39m [37m<-- POST /wd/hub/session/3d518758-3ac6-49ec-9572-ebfceaa2f884/elements [39m[32m200[39m [90m1365 ms - 139[39m
[35m[HTTP][39m [90m[39m
[35m[HTTP][39m [37m-->[39m [37mGET[39m [37m/wd/hub/session/3d518758-3ac6-49ec-9572-ebfceaa2f884/element/00000000-0000-0254-ffff-ffff00000dab/location[39m
[35m[HTTP][39m [90m{}[39m
[35m[W3C (3d518758)][39m Driver proxy active, passing request on via HTTP proxy
[35m[WD Proxy][39m Replacing sessionId 6ed50386-b969-4cc9-bfe1-98936cd69df7 with 3d518758-3ac6-49ec-9572-ebfceaa2f884
[35m[HTTP][39m [37m<-- GET /wd/hub/session/3d518758-3ac6-49ec-9572-ebfceaa2f884/element/00000000-0000-0254-ffff-ffff00000dab/location [39m[32m200[39m [90m81 ms - 78[39m
[35m[HTTP][39m [90m[39m
[35m[HTTP][39m [37m-->[39m [37mGET[39m [37m/wd/hub/session/3d518758-3ac6-49ec-9572-ebfceaa2f884/element/00000000-0000-0254-ffff-ffff00000dab/text[39m
[35m[HTTP][39m [90m{}[39m
[35m[W3C (3d518758)][39m Driver proxy active, passing request on via HTTP proxy
[35m[WD Proxy][39m Replacing sessionId 6ed50386-b969-4cc9-bfe1-98936cd69df7 with 3d518758-3ac6-49ec-9572-ebfceaa2f884
[35m[HTTP][39m [37m<-- GET /wd/hub/session/3d518758-3ac6-49ec-9572-ebfceaa2f884/element/00000000-0000-0254-ffff-ffff00000dab/text [39m[32m200[39m [90m36 ms - 80[39m
[35m[HTTP][39m [90m[39m
[35m[HTTP][39m [37m-->[39m [37mGET[39m [37m/wd/hub/session/3d518758-3ac6-49ec-9572-ebfceaa2f884/source[39m
[35m[HTTP][39m [90m{}[39m
[35m[W3C (3d518758)][39m Driver proxy active, passing request on via HTTP proxy
[35m[WD Proxy][39m Replacing sessionId 6ed50386-b969-4cc9-bfe1-98936cd69df7 with 3d518758-3ac6-49ec-9572-ebfceaa2f884
[35m[HTTP][39m [37m<-- GET /wd/hub/session/3d518758-3ac6-49ec-9572-ebfceaa2f884/source [39m[32m200[39m [90m2519 ms - 92562[39m
[35m[HTTP][39m [90m[39m
[35m[HTTP][39m [37m-->[39m [37mGET[39m [37m/wd/hub/session/3d518758-3ac6-49ec-9572-ebfceaa2f884/screenshot[39m
[35m[HTTP][39m [90m{}[39m
[35m[HTTP][39m [37m<-- GET /wd/hub/session/3d518758-3ac6-49ec-9572-ebfceaa2f884/screenshot [39m[32m200[39m [90m934 ms - 87336[39m
[35m[HTTP][39m [90m[39m
[35m[HTTP][39m [37m-->[39m [37mDELETE[39m [37m/wd/hub/session/3d518758-3ac6-49ec-9572-ebfceaa2f884[39m
[35m[HTTP][39m [90m{}[39m
[35m[Appium][39m Removing session 3d518758-3ac6-49ec-9572-ebfceaa2f884 from our master session list
[35m[UiAutomator2][39m Restoring hidden api policy to the device default configuration
[35m[HTTP][39m [37m<-- DELETE /wd/hub/session/3d518758-3ac6-49ec-9572-ebfceaa2f884 [39m[32m200[39m [90m1105 ms - 14[39m
[35m[HTTP][39m [90m[39m
